# JRE version: Java(TM) SE Runtime Environment (8.0_251-b08) (build 1.8.0_251-b08)
# Java VM: Java HotSpot(TM) 64-Bit Server VM (25.251-b08 mixed mode windows-amd64 compressed oops)
Heap:
 PSYoungGen      total 141312K, used 100089K [0x000000076b800000, 0x0000000775b80000, 0x00000007c0000000)
  eden space 133120K, 69% used [0x000000076b800000,0x00000007711fe148,0x0000000773a00000)
  from space 8192K, 96% used [0x0000000775380000,0x0000000775b40360,0x0000000775b80000)
  to   space 14848K, 0% used [0x0000000773e80000,0x0000000773e80000,0x0000000774d00000)
 ParOldGen       total 174080K, used 20935K [0x00000006c2800000, 0x00000006cd200000, 0x000000076b800000)
  object space 174080K, 12% used [0x00000006c2800000,0x00000006c3c71cc0,0x00000006cd200000)
 Metaspace       used 44636K, capacity 46648K, committed 46976K, reserved 1089536K
  class space    used 6064K, capacity 6441K, committed 6528K, reserved 1048576K
GC Heap History (10 events):
Event: 4.118 GC heap before
{Heap before GC invocations=6 (full 1):
 PSYoungGen      total 75776K, used 70933K [0x000000076b800000, 0x0000000772680000, 0x00000007c0000000)
  eden space 65024K, 100% used [0x000000076b800000,0x000000076f780000,0x000000076f780000)
  from space 10752K, 54% used [0x0000000770200000,0x00000007707c5490,0x0000000770c80000)
  to   space 10752K, 0% used [0x000000076f780000,0x000000076f780000,0x0000000770200000)
 ParOldGen       total 108032K, used 6762K [0x00000006c2800000, 0x00000006c9180000, 0x000000076b800000)
  object space 108032K, 6% used [0x00000006c2800000,0x00000006c2e9abc0,0x00000006c9180000)
 Metaspace       used 26461K, capacity 27496K, committed 27648K, reserved 1073152K
  class space    used 3569K, capacity 3816K, committed 3840K, reserved 1048576K
Event: 4.122 GC heap after
Heap after GC invocations=6 (full 1):
 PSYoungGen      total 75776K, used 7524K [0x000000076b800000, 0x0000000772700000, 0x00000007c0000000)
  eden space 65024K, 0% used [0x000000076b800000,0x000000076b800000,0x000000076f780000)
  from space 10752K, 69% used [0x000000076f780000,0x000000076fed9380,0x0000000770200000)
  to   space 9728K, 0% used [0x0000000771d80000,0x0000000771d80000,0x0000000772700000)
 ParOldGen       total 108032K, used 6770K [0x00000006c2800000, 0x00000006c9180000, 0x000000076b800000)
  object space 108032K, 6% used [0x00000006c2800000,0x00000006c2e9cbc0,0x00000006c9180000)
 Metaspace       used 26461K, capacity 27496K, committed 27648K, reserved 1073152K
  class space    used 3569K, capacity 3816K, committed 3840K, reserved 1048576K
}
Event: 4.434 GC heap before
{Heap before GC invocations=7 (full 1):
 PSYoungGen      total 75776K, used 72548K [0x000000076b800000, 0x0000000772700000, 0x00000007c0000000)
  eden space 65024K, 100% used [0x000000076b800000,0x000000076f780000,0x000000076f780000)
  from space 10752K, 69% used [0x000000076f780000,0x000000076fed9380,0x0000000770200000)
  to   space 9728K, 0% used [0x0000000771d80000,0x0000000771d80000,0x0000000772700000)
 ParOldGen       total 108032K, used 6770K [0x00000006c2800000, 0x00000006c9180000, 0x000000076b800000)
  object space 108032K, 6% used [0x00000006c2800000,0x00000006c2e9cbc0,0x00000006c9180000)
 Metaspace       used 30026K, capacity 31328K, committed 31488K, reserved 1077248K
  class space    used 4065K, capacity 4346K, committed 4352K, reserved 1048576K
Event: 4.439 GC heap after
Heap after GC invocations=7 (full 1):
 PSYoungGen      total 101376K, used 9709K [0x000000076b800000, 0x0000000773100000, 0x00000007c0000000)
  eden space 91648K, 0% used [0x000000076b800000,0x000000076b800000,0x0000000771180000)
  from space 9728K, 99% used [0x0000000771d80000,0x00000007726fb550,0x0000000772700000)
  to   space 12288K, 0% used [0x0000000771180000,0x0000000771180000,0x0000000771d80000)
 ParOldGen       total 108032K, used 9399K [0x00000006c2800000, 0x00000006c9180000, 0x000000076b800000)
  object space 108032K, 8% used [0x00000006c2800000,0x00000006c312dd30,0x00000006c9180000)
 Metaspace       used 30026K, capacity 31328K, committed 31488K, reserved 1077248K
  class space    used 4065K, capacity 4346K, committed 4352K, reserved 1048576K
}
Event: 4.864 GC heap before
{Heap before GC invocations=8 (full 1):
 PSYoungGen      total 101376K, used 90193K [0x000000076b800000, 0x0000000773100000, 0x00000007c0000000)
  eden space 91648K, 87% used [0x000000076b800000,0x0000000770699010,0x0000000771180000)
  from space 9728K, 99% used [0x0000000771d80000,0x00000007726fb550,0x0000000772700000)
  to   space 12288K, 0% used [0x0000000771180000,0x0000000771180000,0x0000000771d80000)
 ParOldGen       total 108032K, used 9399K [0x00000006c2800000, 0x00000006c9180000, 0x000000076b800000)
  object space 108032K, 8% used [0x00000006c2800000,0x00000006c312dd30,0x00000006c9180000)
 Metaspace       used 33999K, capacity 35488K, committed 35496K, reserved 1079296K
  class space    used 4579K, capacity 4862K, committed 4864K, reserved 1048576K
Event: 4.871 GC heap after
Heap after GC invocations=8 (full 1):
 PSYoungGen      total 103936K, used 12270K [0x000000076b800000, 0x0000000776280000, 0x00000007c0000000)
  eden space 91648K, 0% used [0x000000076b800000,0x000000076b800000,0x0000000771180000)
  from space 12288K, 99% used [0x0000000771180000,0x0000000771d7b980,0x0000000771d80000)
  to   space 15360K, 0% used [0x0000000775380000,0x0000000775380000,0x0000000776280000)
 ParOldGen       total 108032K, used 12116K [0x00000006c2800000, 0x00000006c9180000, 0x000000076b800000)
  object space 108032K, 11% used [0x00000006c2800000,0x00000006c33d5330,0x00000006c9180000)
 Metaspace       used 33999K, capacity 35488K, committed 35496K, reserved 1079296K
  class space    used 4579K, capacity 4862K, committed 4864K, reserved 1048576K
}
Event: 4.871 GC heap before
{Heap before GC invocations=9 (full 2):
 PSYoungGen      total 103936K, used 12270K [0x000000076b800000, 0x0000000776280000, 0x00000007c0000000)
  eden space 91648K, 0% used [0x000000076b800000,0x000000076b800000,0x0000000771180000)
  from space 12288K, 99% used [0x0000000771180000,0x0000000771d7b980,0x0000000771d80000)
  to   space 15360K, 0% used [0x0000000775380000,0x0000000775380000,0x0000000776280000)
 ParOldGen       total 108032K, used 12116K [0x00000006c2800000, 0x00000006c9180000, 0x000000076b800000)
  object space 108032K, 11% used [0x00000006c2800000,0x00000006c33d5330,0x00000006c9180000)
 Metaspace       used 33999K, capacity 35488K, committed 35496K, reserved 1079296K
  class space    used 4579K, capacity 4862K, committed 4864K, reserved 1048576K
Event: 4.902 GC heap after
Heap after GC invocations=9 (full 2):
 PSYoungGen      total 103936K, used 0K [0x000000076b800000, 0x0000000776280000, 0x00000007c0000000)
  eden space 91648K, 0% used [0x000000076b800000,0x000000076b800000,0x0000000771180000)
  from space 12288K, 0% used [0x0000000771180000,0x0000000771180000,0x0000000771d80000)
  to   space 15360K, 0% used [0x0000000775380000,0x0000000775380000,0x0000000776280000)
 ParOldGen       total 174080K, used 20927K [0x00000006c2800000, 0x00000006cd200000, 0x000000076b800000)
  object space 174080K, 12% used [0x00000006c2800000,0x00000006c3c6fcc0,0x00000006cd200000)
 Metaspace       used 33999K, capacity 35488K, committed 35496K, reserved 1079296K
  class space    used 4579K, capacity 4862K, committed 4864K, reserved 1048576K
}
Event: 7.873 GC heap before
{Heap before GC invocations=10 (full 2):
 PSYoungGen      total 103936K, used 91648K [0x000000076b800000, 0x0000000776280000, 0x00000007c0000000)
  eden space 91648K, 100% used [0x000000076b800000,0x0000000771180000,0x0000000771180000)
  from space 12288K, 0% used [0x0000000771180000,0x0000000771180000,0x0000000771d80000)
  to   space 15360K, 0% used [0x0000000775380000,0x0000000775380000,0x0000000776280000)
 ParOldGen       total 174080K, used 20927K [0x00000006c2800000, 0x00000006cd200000, 0x000000076b800000)
  object space 174080K, 12% used [0x00000006c2800000,0x00000006c3c6fcc0,0x00000006cd200000)
 Metaspace       used 39557K, capacity 41374K, committed 41600K, reserved 1085440K
  class space    used 5331K, capacity 5678K, committed 5760K, reserved 1048576K
Event: 7.879 GC heap after
Heap after GC invocations=10 (full 2):
 PSYoungGen      total 141312K, used 7936K [0x000000076b800000, 0x0000000775b80000, 0x00000007c0000000)
  eden space 133120K, 0% used [0x000000076b800000,0x000000076b800000,0x0000000773a00000)
  from space 8192K, 96% used [0x0000000775380000,0x0000000775b40360,0x0000000775b80000)
  to   space 14848K, 0% used [0x0000000773e80000,0x0000000773e80000,0x0000000774d00000)
 ParOldGen       total 174080K, used 20935K [0x00000006c2800000, 0x00000006cd200000, 0x000000076b800000)
  object space 174080K, 12% used [0x00000006c2800000,0x00000006c3c71cc0,0x00000006cd200000)
 Metaspace       used 39557K, capacity 41374K, committed 41600K, reserved 1085440K
  class space    used 5331K, capacity 5678K, committed 5760K, reserved 1048576K
}

