# JRE version: Java(TM) SE Runtime Environment (8.0_251-b08) (build 1.8.0_251-b08)
# Java VM: Java HotSpot(TM) 64-Bit Server VM (25.251-b08 mixed mode windows-amd64 compressed oops)
Heap:
 PSYoungGen      total 143872K, used 96994K [0x000000076b800000, 0x0000000776000000, 0x00000007c0000000)
  eden space 135680K, 65% used [0x000000076b800000,0x0000000770ed3ab8,0x0000000773c80000)
  from space 8192K, 98% used [0x0000000775800000,0x0000000775fe4d58,0x0000000776000000)
  to   space 14848K, 0% used [0x0000000774300000,0x0000000774300000,0x0000000775180000)
 ParOldGen       total 171520K, used 20923K [0x00000006c2800000, 0x00000006ccf80000, 0x000000076b800000)
  object space 171520K, 12% used [0x00000006c2800000,0x00000006c3c6ef70,0x00000006ccf80000)
 Metaspace       used 44618K, capacity 46584K, committed 46720K, reserved 1089536K
  class space    used 6064K, capacity 6441K, committed 6528K, reserved 1048576K
GC Heap History (10 events):
Event: 4.122 GC heap before
{Heap before GC invocations=6 (full 1):
 PSYoungGen      total 75776K, used 70771K [0x000000076b800000, 0x0000000772800000, 0x00000007c0000000)
  eden space 65024K, 100% used [0x000000076b800000,0x000000076f780000,0x000000076f780000)
  from space 10752K, 53% used [0x0000000770200000,0x000000077079cfc0,0x0000000770c80000)
  to   space 10752K, 0% used [0x000000076f780000,0x000000076f780000,0x0000000770200000)
 ParOldGen       total 105984K, used 6859K [0x00000006c2800000, 0x00000006c8f80000, 0x000000076b800000)
  object space 105984K, 6% used [0x00000006c2800000,0x00000006c2eb2ff0,0x00000006c8f80000)
 Metaspace       used 26448K, capacity 27496K, committed 27648K, reserved 1073152K
  class space    used 3572K, capacity 3816K, committed 3840K, reserved 1048576K
Event: 4.125 GC heap after
Heap after GC invocations=6 (full 1):
 PSYoungGen      total 75776K, used 7467K [0x000000076b800000, 0x0000000772900000, 0x00000007c0000000)
  eden space 65024K, 0% used [0x000000076b800000,0x000000076b800000,0x000000076f780000)
  from space 10752K, 69% used [0x000000076f780000,0x000000076fecacf8,0x0000000770200000)
  to   space 9728K, 0% used [0x0000000771f80000,0x0000000771f80000,0x0000000772900000)
 ParOldGen       total 105984K, used 6867K [0x00000006c2800000, 0x00000006c8f80000, 0x000000076b800000)
  object space 105984K, 6% used [0x00000006c2800000,0x00000006c2eb4ff0,0x00000006c8f80000)
 Metaspace       used 26448K, capacity 27496K, committed 27648K, reserved 1073152K
  class space    used 3572K, capacity 3816K, committed 3840K, reserved 1048576K
}
Event: 4.443 GC heap before
{Heap before GC invocations=7 (full 1):
 PSYoungGen      total 75776K, used 72491K [0x000000076b800000, 0x0000000772900000, 0x00000007c0000000)
  eden space 65024K, 100% used [0x000000076b800000,0x000000076f780000,0x000000076f780000)
  from space 10752K, 69% used [0x000000076f780000,0x000000076fecacf8,0x0000000770200000)
  to   space 9728K, 0% used [0x0000000771f80000,0x0000000771f80000,0x0000000772900000)
 ParOldGen       total 105984K, used 6867K [0x00000006c2800000, 0x00000006c8f80000, 0x000000076b800000)
  object space 105984K, 6% used [0x00000006c2800000,0x00000006c2eb4ff0,0x00000006c8f80000)
 Metaspace       used 30041K, capacity 31424K, committed 31616K, reserved 1077248K
  class space    used 4072K, capacity 4378K, committed 4480K, reserved 1048576K
Event: 4.448 GC heap after
Heap after GC invocations=7 (full 1):
 PSYoungGen      total 103424K, used 9709K [0x000000076b800000, 0x0000000773280000, 0x00000007c0000000)
  eden space 93696K, 0% used [0x000000076b800000,0x000000076b800000,0x0000000771380000)
  from space 9728K, 99% used [0x0000000771f80000,0x00000007728fb580,0x0000000772900000)
  to   space 12288K, 0% used [0x0000000771380000,0x0000000771380000,0x0000000771f80000)
 ParOldGen       total 105984K, used 9419K [0x00000006c2800000, 0x00000006c8f80000, 0x000000076b800000)
  object space 105984K, 8% used [0x00000006c2800000,0x00000006c3132e08,0x00000006c8f80000)
 Metaspace       used 30041K, capacity 31424K, committed 31616K, reserved 1077248K
  class space    used 4072K, capacity 4378K, committed 4480K, reserved 1048576K
}
Event: 4.882 GC heap before
{Heap before GC invocations=8 (full 1):
 PSYoungGen      total 103424K, used 90564K [0x000000076b800000, 0x0000000773280000, 0x00000007c0000000)
  eden space 93696K, 86% used [0x000000076b800000,0x00000007706f5cf0,0x0000000771380000)
  from space 9728K, 99% used [0x0000000771f80000,0x00000007728fb580,0x0000000772900000)
  to   space 12288K, 0% used [0x0000000771380000,0x0000000771380000,0x0000000771f80000)
 ParOldGen       total 105984K, used 9419K [0x00000006c2800000, 0x00000006c8f80000, 0x000000076b800000)
  object space 105984K, 8% used [0x00000006c2800000,0x00000006c3132e08,0x00000006c8f80000)
 Metaspace       used 33984K, capacity 35488K, committed 35496K, reserved 1079296K
  class space    used 4580K, capacity 4862K, committed 4864K, reserved 1048576K
Event: 4.889 GC heap after
Heap after GC invocations=8 (full 1):
 PSYoungGen      total 105984K, used 12281K [0x000000076b800000, 0x0000000776680000, 0x00000007c0000000)
  eden space 93696K, 0% used [0x000000076b800000,0x000000076b800000,0x0000000771380000)
  from space 12288K, 99% used [0x0000000771380000,0x0000000771f7e570,0x0000000771f80000)
  to   space 14848K, 0% used [0x0000000775800000,0x0000000775800000,0x0000000776680000)
 ParOldGen       total 105984K, used 12125K [0x00000006c2800000, 0x00000006c8f80000, 0x000000076b800000)
  object space 105984K, 11% used [0x00000006c2800000,0x00000006c33d7778,0x00000006c8f80000)
 Metaspace       used 33984K, capacity 35488K, committed 35496K, reserved 1079296K
  class space    used 4580K, capacity 4862K, committed 4864K, reserved 1048576K
}
Event: 4.889 GC heap before
{Heap before GC invocations=9 (full 2):
 PSYoungGen      total 105984K, used 12281K [0x000000076b800000, 0x0000000776680000, 0x00000007c0000000)
  eden space 93696K, 0% used [0x000000076b800000,0x000000076b800000,0x0000000771380000)
  from space 12288K, 99% used [0x0000000771380000,0x0000000771f7e570,0x0000000771f80000)
  to   space 14848K, 0% used [0x0000000775800000,0x0000000775800000,0x0000000776680000)
 ParOldGen       total 105984K, used 12125K [0x00000006c2800000, 0x00000006c8f80000, 0x000000076b800000)
  object space 105984K, 11% used [0x00000006c2800000,0x00000006c33d7778,0x00000006c8f80000)
 Metaspace       used 33984K, capacity 35488K, committed 35496K, reserved 1079296K
  class space    used 4580K, capacity 4862K, committed 4864K, reserved 1048576K
Event: 4.921 GC heap after
Heap after GC invocations=9 (full 2):
 PSYoungGen      total 105984K, used 0K [0x000000076b800000, 0x0000000776680000, 0x00000007c0000000)
  eden space 93696K, 0% used [0x000000076b800000,0x000000076b800000,0x0000000771380000)
  from space 12288K, 0% used [0x0000000771380000,0x0000000771380000,0x0000000771f80000)
  to   space 14848K, 0% used [0x0000000775800000,0x0000000775800000,0x0000000776680000)
 ParOldGen       total 171520K, used 20915K [0x00000006c2800000, 0x00000006ccf80000, 0x000000076b800000)
  object space 171520K, 12% used [0x00000006c2800000,0x00000006c3c6cf70,0x00000006ccf80000)
 Metaspace       used 33984K, capacity 35488K, committed 35496K, reserved 1079296K
  class space    used 4580K, capacity 4862K, committed 4864K, reserved 1048576K
}
Event: 8.071 GC heap before
{Heap before GC invocations=10 (full 2):
 PSYoungGen      total 105984K, used 93696K [0x000000076b800000, 0x0000000776680000, 0x00000007c0000000)
  eden space 93696K, 100% used [0x000000076b800000,0x0000000771380000,0x0000000771380000)
  from space 12288K, 0% used [0x0000000771380000,0x0000000771380000,0x0000000771f80000)
  to   space 14848K, 0% used [0x0000000775800000,0x0000000775800000,0x0000000776680000)
 ParOldGen       total 171520K, used 20915K [0x00000006c2800000, 0x00000006ccf80000, 0x000000076b800000)
  object space 171520K, 12% used [0x00000006c2800000,0x00000006c3c6cf70,0x00000006ccf80000)
 Metaspace       used 39770K, capacity 41598K, committed 41856K, reserved 1085440K
  class space    used 5374K, capacity 5710K, committed 5760K, reserved 1048576K
Event: 8.076 GC heap after
Heap after GC invocations=10 (full 2):
 PSYoungGen      total 143872K, used 8083K [0x000000076b800000, 0x0000000776000000, 0x00000007c0000000)
  eden space 135680K, 0% used [0x000000076b800000,0x000000076b800000,0x0000000773c80000)
  from space 8192K, 98% used [0x0000000775800000,0x0000000775fe4d58,0x0000000776000000)
  to   space 14848K, 0% used [0x0000000774300000,0x0000000774300000,0x0000000775180000)
 ParOldGen       total 171520K, used 20923K [0x00000006c2800000, 0x00000006ccf80000, 0x000000076b800000)
  object space 171520K, 12% used [0x00000006c2800000,0x00000006c3c6ef70,0x00000006ccf80000)
 Metaspace       used 39770K, capacity 41598K, committed 41856K, reserved 1085440K
  class space    used 5374K, capacity 5710K, committed 5760K, reserved 1048576K
}

