# JRE version: Java(TM) SE Runtime Environment (8.0_251-b08) (build 1.8.0_251-b08)
# Java VM: Java HotSpot(TM) 64-Bit Server VM (25.251-b08 mixed mode windows-amd64 compressed oops)
Heap:
 PSYoungGen      total 144384K, used 95703K [0x000000076b800000, 0x0000000775f00000, 0x00000007c0000000)
  eden space 136192K, 64% used [0x000000076b800000,0x0000000770d7fe78,0x0000000773d00000)
  from space 8192K, 99% used [0x0000000775700000,0x0000000775ef6158,0x0000000775f00000)
  to   space 14336K, 0% used [0x0000000774300000,0x0000000774300000,0x0000000775100000)
 ParOldGen       total 173056K, used 20675K [0x00000006c2800000, 0x00000006cd100000, 0x000000076b800000)
  object space 173056K, 11% used [0x00000006c2800000,0x00000006c3c30d70,0x00000006cd100000)
 Metaspace       used 44235K, capacity 46200K, committed 46336K, reserved 1089536K
  class space    used 6022K, capacity 6399K, committed 6400K, reserved 1048576K
GC Heap History (10 events):
Event: 4.656 GC heap before
{Heap before GC invocations=6 (full 1):
 PSYoungGen      total 75776K, used 70679K [0x000000076b800000, 0x0000000772680000, 0x00000007c0000000)
  eden space 65024K, 100% used [0x000000076b800000,0x000000076f780000,0x000000076f780000)
  from space 10752K, 52% used [0x0000000770200000,0x0000000770785f58,0x0000000770c80000)
  to   space 10752K, 0% used [0x000000076f780000,0x000000076f780000,0x0000000770200000)
 ParOldGen       total 108544K, used 6840K [0x00000006c2800000, 0x00000006c9200000, 0x000000076b800000)
  object space 108544K, 6% used [0x00000006c2800000,0x00000006c2eae018,0x00000006c9200000)
 Metaspace       used 26438K, capacity 27436K, committed 27648K, reserved 1073152K
  class space    used 3570K, capacity 3816K, committed 3840K, reserved 1048576K
Event: 4.660 GC heap after
Heap after GC invocations=6 (full 1):
 PSYoungGen      total 75776K, used 7464K [0x000000076b800000, 0x0000000772800000, 0x00000007c0000000)
  eden space 65024K, 0% used [0x000000076b800000,0x000000076b800000,0x000000076f780000)
  from space 10752K, 69% used [0x000000076f780000,0x000000076feca188,0x0000000770200000)
  to   space 9728K, 0% used [0x0000000771e80000,0x0000000771e80000,0x0000000772800000)
 ParOldGen       total 108544K, used 6848K [0x00000006c2800000, 0x00000006c9200000, 0x000000076b800000)
  object space 108544K, 6% used [0x00000006c2800000,0x00000006c2eb0018,0x00000006c9200000)
 Metaspace       used 26438K, capacity 27436K, committed 27648K, reserved 1073152K
  class space    used 3570K, capacity 3816K, committed 3840K, reserved 1048576K
}
Event: 5.022 GC heap before
{Heap before GC invocations=7 (full 1):
 PSYoungGen      total 75776K, used 72488K [0x000000076b800000, 0x0000000772800000, 0x00000007c0000000)
  eden space 65024K, 100% used [0x000000076b800000,0x000000076f780000,0x000000076f780000)
  from space 10752K, 69% used [0x000000076f780000,0x000000076feca188,0x0000000770200000)
  to   space 9728K, 0% used [0x0000000771e80000,0x0000000771e80000,0x0000000772800000)
 ParOldGen       total 108544K, used 6848K [0x00000006c2800000, 0x00000006c9200000, 0x000000076b800000)
  object space 108544K, 6% used [0x00000006c2800000,0x00000006c2eb0018,0x00000006c9200000)
 Metaspace       used 29975K, capacity 31332K, committed 31488K, reserved 1077248K
  class space    used 4065K, capacity 4346K, committed 4352K, reserved 1048576K
Event: 5.028 GC heap after
Heap after GC invocations=7 (full 1):
 PSYoungGen      total 102400K, used 9714K [0x000000076b800000, 0x0000000773080000, 0x00000007c0000000)
  eden space 92672K, 0% used [0x000000076b800000,0x000000076b800000,0x0000000771280000)
  from space 9728K, 99% used [0x0000000771e80000,0x00000007727fcb60,0x0000000772800000)
  to   space 12288K, 0% used [0x0000000771280000,0x0000000771280000,0x0000000771e80000)
 ParOldGen       total 108544K, used 9474K [0x00000006c2800000, 0x00000006c9200000, 0x000000076b800000)
  object space 108544K, 8% used [0x00000006c2800000,0x00000006c3140b20,0x00000006c9200000)
 Metaspace       used 29975K, capacity 31332K, committed 31488K, reserved 1077248K
  class space    used 4065K, capacity 4346K, committed 4352K, reserved 1048576K
}
Event: 5.524 GC heap before
{Heap before GC invocations=8 (full 1):
 PSYoungGen      total 102400K, used 87942K [0x000000076b800000, 0x0000000773080000, 0x00000007c0000000)
  eden space 92672K, 84% used [0x000000076b800000,0x0000000770464cd8,0x0000000771280000)
  from space 9728K, 99% used [0x0000000771e80000,0x00000007727fcb60,0x0000000772800000)
  to   space 12288K, 0% used [0x0000000771280000,0x0000000771280000,0x0000000771e80000)
 ParOldGen       total 108544K, used 9474K [0x00000006c2800000, 0x00000006c9200000, 0x000000076b800000)
  object space 108544K, 8% used [0x00000006c2800000,0x00000006c3140b20,0x00000006c9200000)
 Metaspace       used 33799K, capacity 35312K, committed 35456K, reserved 1079296K
  class space    used 4560K, capacity 4865K, committed 4992K, reserved 1048576K
Event: 5.536 GC heap after
Heap after GC invocations=8 (full 1):
 PSYoungGen      total 104960K, used 12273K [0x000000076b800000, 0x0000000776580000, 0x00000007c0000000)
  eden space 92672K, 0% used [0x000000076b800000,0x000000076b800000,0x0000000771280000)
  from space 12288K, 99% used [0x0000000771280000,0x0000000771e7c588,0x0000000771e80000)
  to   space 14848K, 0% used [0x0000000775700000,0x0000000775700000,0x0000000776580000)
 ParOldGen       total 108544K, used 11897K [0x00000006c2800000, 0x00000006c9200000, 0x000000076b800000)
  object space 108544K, 10% used [0x00000006c2800000,0x00000006c339e5f8,0x00000006c9200000)
 Metaspace       used 33799K, capacity 35312K, committed 35456K, reserved 1079296K
  class space    used 4560K, capacity 4865K, committed 4992K, reserved 1048576K
}
Event: 5.536 GC heap before
{Heap before GC invocations=9 (full 2):
 PSYoungGen      total 104960K, used 12273K [0x000000076b800000, 0x0000000776580000, 0x00000007c0000000)
  eden space 92672K, 0% used [0x000000076b800000,0x000000076b800000,0x0000000771280000)
  from space 12288K, 99% used [0x0000000771280000,0x0000000771e7c588,0x0000000771e80000)
  to   space 14848K, 0% used [0x0000000775700000,0x0000000775700000,0x0000000776580000)
 ParOldGen       total 108544K, used 11897K [0x00000006c2800000, 0x00000006c9200000, 0x000000076b800000)
  object space 108544K, 10% used [0x00000006c2800000,0x00000006c339e5f8,0x00000006c9200000)
 Metaspace       used 33799K, capacity 35312K, committed 35456K, reserved 1079296K
  class space    used 4560K, capacity 4865K, committed 4992K, reserved 1048576K
Event: 5.574 GC heap after
Heap after GC invocations=9 (full 2):
 PSYoungGen      total 104960K, used 0K [0x000000076b800000, 0x0000000776580000, 0x00000007c0000000)
  eden space 92672K, 0% used [0x000000076b800000,0x000000076b800000,0x0000000771280000)
  from space 12288K, 0% used [0x0000000771280000,0x0000000771280000,0x0000000771e80000)
  to   space 14848K, 0% used [0x0000000775700000,0x0000000775700000,0x0000000776580000)
 ParOldGen       total 173056K, used 20667K [0x00000006c2800000, 0x00000006cd100000, 0x000000076b800000)
  object space 173056K, 11% used [0x00000006c2800000,0x00000006c3c2ed70,0x00000006cd100000)
 Metaspace       used 33799K, capacity 35312K, committed 35456K, reserved 1079296K
  class space    used 4560K, capacity 4865K, committed 4992K, reserved 1048576K
}
Event: 8.484 GC heap before
{Heap before GC invocations=10 (full 2):
 PSYoungGen      total 104960K, used 92672K [0x000000076b800000, 0x0000000776580000, 0x00000007c0000000)
  eden space 92672K, 100% used [0x000000076b800000,0x0000000771280000,0x0000000771280000)
  from space 12288K, 0% used [0x0000000771280000,0x0000000771280000,0x0000000771e80000)
  to   space 14848K, 0% used [0x0000000775700000,0x0000000775700000,0x0000000776580000)
 ParOldGen       total 173056K, used 20667K [0x00000006c2800000, 0x00000006cd100000, 0x000000076b800000)
  object space 173056K, 11% used [0x00000006c2800000,0x00000006c3c2ed70,0x00000006cd100000)
 Metaspace       used 39520K, capacity 41378K, committed 41600K, reserved 1085440K
  class space    used 5330K, capacity 5678K, committed 5760K, reserved 1048576K
Event: 8.489 GC heap after
Heap after GC invocations=10 (full 2):
 PSYoungGen      total 144384K, used 8152K [0x000000076b800000, 0x0000000775f00000, 0x00000007c0000000)
  eden space 136192K, 0% used [0x000000076b800000,0x000000076b800000,0x0000000773d00000)
  from space 8192K, 99% used [0x0000000775700000,0x0000000775ef6158,0x0000000775f00000)
  to   space 14336K, 0% used [0x0000000774300000,0x0000000774300000,0x0000000775100000)
 ParOldGen       total 173056K, used 20675K [0x00000006c2800000, 0x00000006cd100000, 0x000000076b800000)
  object space 173056K, 11% used [0x00000006c2800000,0x00000006c3c30d70,0x00000006cd100000)
 Metaspace       used 39520K, capacity 41378K, committed 41600K, reserved 1085440K
  class space    used 5330K, capacity 5678K, committed 5760K, reserved 1048576K
}

