# JRE version: Java(TM) SE Runtime Environment (8.0_251-b08) (build 1.8.0_251-b08)
# Java VM: Java HotSpot(TM) 64-Bit Server VM (25.251-b08 mixed mode windows-amd64 compressed oops)
Heap:
 PSYoungGen      total 143360K, used 101260K [0x000000076b800000, 0x0000000775e00000, 0x00000007c0000000)
  eden space 134656K, 69% used [0x000000076b800000,0x00000007712cf5f8,0x0000000773b80000)
  from space 8704K, 95% used [0x0000000775580000,0x0000000775d93a70,0x0000000775e00000)
  to   space 14336K, 0% used [0x0000000774200000,0x0000000774200000,0x0000000775000000)
 ParOldGen       total 172544K, used 20544K [0x00000006c2800000, 0x00000006cd080000, 0x000000076b800000)
  object space 172544K, 11% used [0x00000006c2800000,0x00000006c3c10060,0x00000006cd080000)
 Metaspace       used 44662K, capacity 46726K, committed 46976K, reserved 1089536K
  class space    used 6065K, capacity 6442K, committed 6528K, reserved 1048576K
GC Heap History (10 events):
Event: 4.281 GC heap before
{Heap before GC invocations=6 (full 1):
 PSYoungGen      total 75776K, used 70947K [0x000000076b800000, 0x0000000772780000, 0x00000007c0000000)
  eden space 65024K, 100% used [0x000000076b800000,0x000000076f780000,0x000000076f780000)
  from space 10752K, 55% used [0x0000000770200000,0x00000007707c8db0,0x0000000770c80000)
  to   space 10752K, 0% used [0x000000076f780000,0x000000076f780000,0x0000000770200000)
 ParOldGen       total 107008K, used 6814K [0x00000006c2800000, 0x00000006c9080000, 0x000000076b800000)
  object space 107008K, 6% used [0x00000006c2800000,0x00000006c2ea7828,0x00000006c9080000)
 Metaspace       used 26479K, capacity 27496K, committed 27648K, reserved 1073152K
  class space    used 3571K, capacity 3816K, committed 3840K, reserved 1048576K
Event: 4.285 GC heap after
Heap after GC invocations=6 (full 1):
 PSYoungGen      total 75776K, used 7532K [0x000000076b800000, 0x0000000772880000, 0x00000007c0000000)
  eden space 65024K, 0% used [0x000000076b800000,0x000000076b800000,0x000000076f780000)
  from space 10752K, 70% used [0x000000076f780000,0x000000076fedb098,0x0000000770200000)
  to   space 9728K, 0% used [0x0000000771f00000,0x0000000771f00000,0x0000000772880000)
 ParOldGen       total 107008K, used 6822K [0x00000006c2800000, 0x00000006c9080000, 0x000000076b800000)
  object space 107008K, 6% used [0x00000006c2800000,0x00000006c2ea9828,0x00000006c9080000)
 Metaspace       used 26479K, capacity 27496K, committed 27648K, reserved 1073152K
  class space    used 3571K, capacity 3816K, committed 3840K, reserved 1048576K
}
Event: 4.641 GC heap before
{Heap before GC invocations=7 (full 1):
 PSYoungGen      total 75776K, used 72556K [0x000000076b800000, 0x0000000772880000, 0x00000007c0000000)
  eden space 65024K, 100% used [0x000000076b800000,0x000000076f780000,0x000000076f780000)
  from space 10752K, 70% used [0x000000076f780000,0x000000076fedb098,0x0000000770200000)
  to   space 9728K, 0% used [0x0000000771f00000,0x0000000771f00000,0x0000000772880000)
 ParOldGen       total 107008K, used 6822K [0x00000006c2800000, 0x00000006c9080000, 0x000000076b800000)
  object space 107008K, 6% used [0x00000006c2800000,0x00000006c2ea9828,0x00000006c9080000)
 Metaspace       used 30092K, capacity 31424K, committed 31616K, reserved 1077248K
  class space    used 4076K, capacity 4378K, committed 4480K, reserved 1048576K
Event: 4.647 GC heap after
Heap after GC invocations=7 (full 1):
 PSYoungGen      total 102912K, used 9715K [0x000000076b800000, 0x0000000773180000, 0x00000007c0000000)
  eden space 93184K, 0% used [0x000000076b800000,0x000000076b800000,0x0000000771300000)
  from space 9728K, 99% used [0x0000000771f00000,0x000000077287cf80,0x0000000772880000)
  to   space 12288K, 0% used [0x0000000771300000,0x0000000771300000,0x0000000771f00000)
 ParOldGen       total 107008K, used 9429K [0x00000006c2800000, 0x00000006c9080000, 0x000000076b800000)
  object space 107008K, 8% used [0x00000006c2800000,0x00000006c31357e8,0x00000006c9080000)
 Metaspace       used 30092K, capacity 31424K, committed 31616K, reserved 1077248K
  class space    used 4076K, capacity 4378K, committed 4480K, reserved 1048576K
}
Event: 5.090 GC heap before
{Heap before GC invocations=8 (full 1):
 PSYoungGen      total 102912K, used 87253K [0x000000076b800000, 0x0000000773180000, 0x00000007c0000000)
  eden space 93184K, 83% used [0x000000076b800000,0x00000007703b85b8,0x0000000771300000)
  from space 9728K, 99% used [0x0000000771f00000,0x000000077287cf80,0x0000000772880000)
  to   space 12288K, 0% used [0x0000000771300000,0x0000000771300000,0x0000000771f00000)
 ParOldGen       total 107008K, used 9429K [0x00000006c2800000, 0x00000006c9080000, 0x000000076b800000)
  object space 107008K, 8% used [0x00000006c2800000,0x00000006c31357e8,0x00000006c9080000)
 Metaspace       used 33753K, capacity 35360K, committed 35496K, reserved 1079296K
  class space    used 4551K, capacity 4863K, committed 4864K, reserved 1048576K
Event: 5.097 GC heap after
Heap after GC invocations=8 (full 1):
 PSYoungGen      total 105472K, used 12273K [0x000000076b800000, 0x0000000776400000, 0x00000007c0000000)
  eden space 93184K, 0% used [0x000000076b800000,0x000000076b800000,0x0000000771300000)
  from space 12288K, 99% used [0x0000000771300000,0x0000000771efc6b8,0x0000000771f00000)
  to   space 14848K, 0% used [0x0000000775580000,0x0000000775580000,0x0000000776400000)
 ParOldGen       total 107008K, used 11751K [0x00000006c2800000, 0x00000006c9080000, 0x000000076b800000)
  object space 107008K, 10% used [0x00000006c2800000,0x00000006c3379e38,0x00000006c9080000)
 Metaspace       used 33753K, capacity 35360K, committed 35496K, reserved 1079296K
  class space    used 4551K, capacity 4863K, committed 4864K, reserved 1048576K
}
Event: 5.097 GC heap before
{Heap before GC invocations=9 (full 2):
 PSYoungGen      total 105472K, used 12273K [0x000000076b800000, 0x0000000776400000, 0x00000007c0000000)
  eden space 93184K, 0% used [0x000000076b800000,0x000000076b800000,0x0000000771300000)
  from space 12288K, 99% used [0x0000000771300000,0x0000000771efc6b8,0x0000000771f00000)
  to   space 14848K, 0% used [0x0000000775580000,0x0000000775580000,0x0000000776400000)
 ParOldGen       total 107008K, used 11751K [0x00000006c2800000, 0x00000006c9080000, 0x000000076b800000)
  object space 107008K, 10% used [0x00000006c2800000,0x00000006c3379e38,0x00000006c9080000)
 Metaspace       used 33753K, capacity 35360K, committed 35496K, reserved 1079296K
  class space    used 4551K, capacity 4863K, committed 4864K, reserved 1048576K
Event: 5.130 GC heap after
Heap after GC invocations=9 (full 2):
 PSYoungGen      total 105472K, used 0K [0x000000076b800000, 0x0000000776400000, 0x00000007c0000000)
  eden space 93184K, 0% used [0x000000076b800000,0x000000076b800000,0x0000000771300000)
  from space 12288K, 0% used [0x0000000771300000,0x0000000771300000,0x0000000771f00000)
  to   space 14848K, 0% used [0x0000000775580000,0x0000000775580000,0x0000000776400000)
 ParOldGen       total 172544K, used 20536K [0x00000006c2800000, 0x00000006cd080000, 0x000000076b800000)
  object space 172544K, 11% used [0x00000006c2800000,0x00000006c3c0e060,0x00000006cd080000)
 Metaspace       used 33753K, capacity 35360K, committed 35496K, reserved 1079296K
  class space    used 4551K, capacity 4863K, committed 4864K, reserved 1048576K
}
Event: 7.981 GC heap before
{Heap before GC invocations=10 (full 2):
 PSYoungGen      total 105472K, used 93184K [0x000000076b800000, 0x0000000776400000, 0x00000007c0000000)
  eden space 93184K, 100% used [0x000000076b800000,0x0000000771300000,0x0000000771300000)
  from space 12288K, 0% used [0x0000000771300000,0x0000000771300000,0x0000000771f00000)
  to   space 14848K, 0% used [0x0000000775580000,0x0000000775580000,0x0000000776400000)
 ParOldGen       total 172544K, used 20536K [0x00000006c2800000, 0x00000006cd080000, 0x000000076b800000)
  object space 172544K, 11% used [0x00000006c2800000,0x00000006c3c0e060,0x00000006cd080000)
 Metaspace       used 39483K, capacity 41364K, committed 41600K, reserved 1085440K
  class space    used 5317K, capacity 5671K, committed 5760K, reserved 1048576K
Event: 7.987 GC heap after
Heap after GC invocations=10 (full 2):
 PSYoungGen      total 143360K, used 8270K [0x000000076b800000, 0x0000000775e00000, 0x00000007c0000000)
  eden space 134656K, 0% used [0x000000076b800000,0x000000076b800000,0x0000000773b80000)
  from space 8704K, 95% used [0x0000000775580000,0x0000000775d93a70,0x0000000775e00000)
  to   space 14336K, 0% used [0x0000000774200000,0x0000000774200000,0x0000000775000000)
 ParOldGen       total 172544K, used 20544K [0x00000006c2800000, 0x00000006cd080000, 0x000000076b800000)
  object space 172544K, 11% used [0x00000006c2800000,0x00000006c3c10060,0x00000006cd080000)
 Metaspace       used 39483K, capacity 41364K, committed 41600K, reserved 1085440K
  class space    used 5317K, capacity 5671K, committed 5760K, reserved 1048576K
}

