# JRE version: Java(TM) SE Runtime Environment (8.0_251-b08) (build 1.8.0_251-b08)
# Java VM: Java HotSpot(TM) 64-Bit Server VM (25.251-b08 mixed mode windows-amd64 compressed oops)
Heap:
 PSYoungGen      total 146432K, used 97964K [0x000000076b800000, 0x0000000776100000, 0x00000007c0000000)
  eden space 137728K, 65% used [0x000000076b800000,0x0000000770f990b8,0x0000000773e80000)
  from space 8704K, 94% used [0x0000000775880000,0x0000000776092098,0x0000000776100000)
  to   space 14336K, 0% used [0x0000000774500000,0x0000000774500000,0x0000000775300000)
 ParOldGen       total 167424K, used 20594K [0x00000006c2800000, 0x00000006ccb80000, 0x000000076b800000)
  object space 167424K, 12% used [0x00000006c2800000,0x00000006c3c1c8e0,0x00000006ccb80000)
 Metaspace       used 44604K, capacity 46584K, committed 46720K, reserved 1089536K
  class space    used 6064K, capacity 6441K, committed 6528K, reserved 1048576K
GC Heap History (10 events):
Event: 4.158 GC heap before
{Heap before GC invocations=6 (full 1):
 PSYoungGen      total 75776K, used 70782K [0x000000076b800000, 0x0000000772980000, 0x00000007c0000000)
  eden space 65024K, 100% used [0x000000076b800000,0x000000076f780000,0x000000076f780000)
  from space 10752K, 53% used [0x0000000770200000,0x000000077079f9e0,0x0000000770c80000)
  to   space 10752K, 0% used [0x000000076f780000,0x000000076f780000,0x0000000770200000)
 ParOldGen       total 104448K, used 6935K [0x00000006c2800000, 0x00000006c8e00000, 0x000000076b800000)
  object space 104448K, 6% used [0x00000006c2800000,0x00000006c2ec5cb8,0x00000006c8e00000)
 Metaspace       used 26458K, capacity 27432K, committed 27648K, reserved 1073152K
  class space    used 3576K, capacity 3816K, committed 3840K, reserved 1048576K
Event: 4.161 GC heap after
Heap after GC invocations=6 (full 1):
 PSYoungGen      total 75776K, used 7474K [0x000000076b800000, 0x0000000772980000, 0x00000007c0000000)
  eden space 65024K, 0% used [0x000000076b800000,0x000000076b800000,0x000000076f780000)
  from space 10752K, 69% used [0x000000076f780000,0x000000076fecc868,0x0000000770200000)
  to   space 9728K, 0% used [0x0000000772000000,0x0000000772000000,0x0000000772980000)
 ParOldGen       total 104448K, used 6943K [0x00000006c2800000, 0x00000006c8e00000, 0x000000076b800000)
  object space 104448K, 6% used [0x00000006c2800000,0x00000006c2ec7cb8,0x00000006c8e00000)
 Metaspace       used 26458K, capacity 27432K, committed 27648K, reserved 1073152K
  class space    used 3576K, capacity 3816K, committed 3840K, reserved 1048576K
}
Event: 4.480 GC heap before
{Heap before GC invocations=7 (full 1):
 PSYoungGen      total 75776K, used 72498K [0x000000076b800000, 0x0000000772980000, 0x00000007c0000000)
  eden space 65024K, 100% used [0x000000076b800000,0x000000076f780000,0x000000076f780000)
  from space 10752K, 69% used [0x000000076f780000,0x000000076fecc868,0x0000000770200000)
  to   space 9728K, 0% used [0x0000000772000000,0x0000000772000000,0x0000000772980000)
 ParOldGen       total 104448K, used 6943K [0x00000006c2800000, 0x00000006c8e00000, 0x000000076b800000)
  object space 104448K, 6% used [0x00000006c2800000,0x00000006c2ec7cb8,0x00000006c8e00000)
 Metaspace       used 30139K, capacity 31506K, committed 31872K, reserved 1077248K
  class space    used 4085K, capacity 4381K, committed 4480K, reserved 1048576K
Event: 4.486 GC heap after
Heap after GC invocations=7 (full 1):
 PSYoungGen      total 103936K, used 9710K [0x000000076b800000, 0x0000000773300000, 0x00000007c0000000)
  eden space 94208K, 0% used [0x000000076b800000,0x000000076b800000,0x0000000771400000)
  from space 9728K, 99% used [0x0000000772000000,0x000000077297bb80,0x0000000772980000)
  to   space 12288K, 0% used [0x0000000771400000,0x0000000771400000,0x0000000772000000)
 ParOldGen       total 104448K, used 9607K [0x00000006c2800000, 0x00000006c8e00000, 0x000000076b800000)
  object space 104448K, 9% used [0x00000006c2800000,0x00000006c3161e20,0x00000006c8e00000)
 Metaspace       used 30139K, capacity 31506K, committed 31872K, reserved 1077248K
  class space    used 4085K, capacity 4381K, committed 4480K, reserved 1048576K
}
Event: 4.894 GC heap before
{Heap before GC invocations=8 (full 1):
 PSYoungGen      total 103936K, used 87743K [0x000000076b800000, 0x0000000773300000, 0x00000007c0000000)
  eden space 94208K, 82% used [0x000000076b800000,0x0000000770434400,0x0000000771400000)
  from space 9728K, 99% used [0x0000000772000000,0x000000077297bb80,0x0000000772980000)
  to   space 12288K, 0% used [0x0000000771400000,0x0000000771400000,0x0000000772000000)
 ParOldGen       total 104448K, used 9607K [0x00000006c2800000, 0x00000006c8e00000, 0x000000076b800000)
  object space 104448K, 9% used [0x00000006c2800000,0x00000006c3161e20,0x00000006c8e00000)
 Metaspace       used 33797K, capacity 35308K, committed 35456K, reserved 1079296K
  class space    used 4561K, capacity 4865K, committed 4992K, reserved 1048576K
Event: 4.901 GC heap after
Heap after GC invocations=8 (full 1):
 PSYoungGen      total 106496K, used 12284K [0x000000076b800000, 0x0000000776700000, 0x00000007c0000000)
  eden space 94208K, 0% used [0x000000076b800000,0x000000076b800000,0x0000000771400000)
  from space 12288K, 99% used [0x0000000771400000,0x0000000771fff188,0x0000000772000000)
  to   space 14848K, 0% used [0x0000000775880000,0x0000000775880000,0x0000000776700000)
 ParOldGen       total 104448K, used 11910K [0x00000006c2800000, 0x00000006c8e00000, 0x000000076b800000)
  object space 104448K, 11% used [0x00000006c2800000,0x00000006c33a1bb0,0x00000006c8e00000)
 Metaspace       used 33797K, capacity 35308K, committed 35456K, reserved 1079296K
  class space    used 4561K, capacity 4865K, committed 4992K, reserved 1048576K
}
Event: 4.901 GC heap before
{Heap before GC invocations=9 (full 2):
 PSYoungGen      total 106496K, used 12284K [0x000000076b800000, 0x0000000776700000, 0x00000007c0000000)
  eden space 94208K, 0% used [0x000000076b800000,0x000000076b800000,0x0000000771400000)
  from space 12288K, 99% used [0x0000000771400000,0x0000000771fff188,0x0000000772000000)
  to   space 14848K, 0% used [0x0000000775880000,0x0000000775880000,0x0000000776700000)
 ParOldGen       total 104448K, used 11910K [0x00000006c2800000, 0x00000006c8e00000, 0x000000076b800000)
  object space 104448K, 11% used [0x00000006c2800000,0x00000006c33a1bb0,0x00000006c8e00000)
 Metaspace       used 33797K, capacity 35308K, committed 35456K, reserved 1079296K
  class space    used 4561K, capacity 4865K, committed 4992K, reserved 1048576K
Event: 4.931 GC heap after
Heap after GC invocations=9 (full 2):
 PSYoungGen      total 106496K, used 0K [0x000000076b800000, 0x0000000776700000, 0x00000007c0000000)
  eden space 94208K, 0% used [0x000000076b800000,0x000000076b800000,0x0000000771400000)
  from space 12288K, 0% used [0x0000000771400000,0x0000000771400000,0x0000000772000000)
  to   space 14848K, 0% used [0x0000000775880000,0x0000000775880000,0x0000000776700000)
 ParOldGen       total 167424K, used 20586K [0x00000006c2800000, 0x00000006ccb80000, 0x000000076b800000)
  object space 167424K, 12% used [0x00000006c2800000,0x00000006c3c1a8e0,0x00000006ccb80000)
 Metaspace       used 33797K, capacity 35308K, committed 35456K, reserved 1079296K
  class space    used 4561K, capacity 4865K, committed 4992K, reserved 1048576K
}
Event: 7.852 GC heap before
{Heap before GC invocations=10 (full 2):
 PSYoungGen      total 106496K, used 94208K [0x000000076b800000, 0x0000000776700000, 0x00000007c0000000)
  eden space 94208K, 100% used [0x000000076b800000,0x0000000771400000,0x0000000771400000)
  from space 12288K, 0% used [0x0000000771400000,0x0000000771400000,0x0000000772000000)
  to   space 14848K, 0% used [0x0000000775880000,0x0000000775880000,0x0000000776700000)
 ParOldGen       total 167424K, used 20586K [0x00000006c2800000, 0x00000006ccb80000, 0x000000076b800000)
  object space 167424K, 12% used [0x00000006c2800000,0x00000006c3c1a8e0,0x00000006ccb80000)
 Metaspace       used 39580K, capacity 41470K, committed 41600K, reserved 1085440K
  class space    used 5345K, capacity 5710K, committed 5760K, reserved 1048576K
Event: 7.857 GC heap after
Heap after GC invocations=10 (full 2):
 PSYoungGen      total 146432K, used 8264K [0x000000076b800000, 0x0000000776100000, 0x00000007c0000000)
  eden space 137728K, 0% used [0x000000076b800000,0x000000076b800000,0x0000000773e80000)
  from space 8704K, 94% used [0x0000000775880000,0x0000000776092098,0x0000000776100000)
  to   space 14336K, 0% used [0x0000000774500000,0x0000000774500000,0x0000000775300000)
 ParOldGen       total 167424K, used 20594K [0x00000006c2800000, 0x00000006ccb80000, 0x000000076b800000)
  object space 167424K, 12% used [0x00000006c2800000,0x00000006c3c1c8e0,0x00000006ccb80000)
 Metaspace       used 39580K, capacity 41470K, committed 41600K, reserved 1085440K
  class space    used 5345K, capacity 5710K, committed 5760K, reserved 1048576K
}

