# JRE version: Java(TM) SE Runtime Environment (8.0_251-b08) (build 1.8.0_251-b08)
# Java VM: Java HotSpot(TM) 64-Bit Server VM (25.251-b08 mixed mode windows-amd64 compressed oops)
Heap:
 PSYoungGen      total 142336K, used 98971K [0x000000076b800000, 0x0000000775c80000, 0x00000007c0000000)
  eden space 134144K, 67% used [0x000000076b800000,0x00000007710e72a8,0x0000000773b00000)
  from space 8192K, 96% used [0x0000000775480000,0x0000000775c3f9b8,0x0000000775c80000)
  to   space 14848K, 0% used [0x0000000773f80000,0x0000000773f80000,0x0000000774e00000)
 ParOldGen       total 172544K, used 20826K [0x00000006c2800000, 0x00000006cd080000, 0x000000076b800000)
  object space 172544K, 12% used [0x00000006c2800000,0x00000006c3c56938,0x00000006cd080000)
 Metaspace       used 44615K, capacity 46588K, committed 46720K, reserved 1089536K
  class space    used 6065K, capacity 6441K, committed 6528K, reserved 1048576K
GC Heap History (10 events):
Event: 4.110 GC heap before
{Heap before GC invocations=6 (full 1):
 PSYoungGen      total 75776K, used 70781K [0x000000076b800000, 0x0000000772780000, 0x00000007c0000000)
  eden space 65024K, 100% used [0x000000076b800000,0x000000076f780000,0x000000076f780000)
  from space 10752K, 53% used [0x0000000770200000,0x000000077079f4c0,0x0000000770c80000)
  to   space 10752K, 0% used [0x000000076f780000,0x000000076f780000,0x0000000770200000)
 ParOldGen       total 107008K, used 6901K [0x00000006c2800000, 0x00000006c9080000, 0x000000076b800000)
  object space 107008K, 6% used [0x00000006c2800000,0x00000006c2ebd640,0x00000006c9080000)
 Metaspace       used 26460K, capacity 27432K, committed 27648K, reserved 1073152K
  class space    used 3578K, capacity 3816K, committed 3840K, reserved 1048576K
Event: 4.113 GC heap after
Heap after GC invocations=6 (full 1):
 PSYoungGen      total 75776K, used 7462K [0x000000076b800000, 0x0000000772780000, 0x00000007c0000000)
  eden space 65024K, 0% used [0x000000076b800000,0x000000076b800000,0x000000076f780000)
  from space 10752K, 69% used [0x000000076f780000,0x000000076fec9b08,0x0000000770200000)
  to   space 9728K, 0% used [0x0000000771e00000,0x0000000771e00000,0x0000000772780000)
 ParOldGen       total 107008K, used 6909K [0x00000006c2800000, 0x00000006c9080000, 0x000000076b800000)
  object space 107008K, 6% used [0x00000006c2800000,0x00000006c2ebf640,0x00000006c9080000)
 Metaspace       used 26460K, capacity 27432K, committed 27648K, reserved 1073152K
  class space    used 3578K, capacity 3816K, committed 3840K, reserved 1048576K
}
Event: 4.433 GC heap before
{Heap before GC invocations=7 (full 1):
 PSYoungGen      total 75776K, used 72486K [0x000000076b800000, 0x0000000772780000, 0x00000007c0000000)
  eden space 65024K, 100% used [0x000000076b800000,0x000000076f780000,0x000000076f780000)
  from space 10752K, 69% used [0x000000076f780000,0x000000076fec9b08,0x0000000770200000)
  to   space 9728K, 0% used [0x0000000771e00000,0x0000000771e00000,0x0000000772780000)
 ParOldGen       total 107008K, used 6909K [0x00000006c2800000, 0x00000006c9080000, 0x000000076b800000)
  object space 107008K, 6% used [0x00000006c2800000,0x00000006c2ebf640,0x00000006c9080000)
 Metaspace       used 30168K, capacity 31570K, committed 31872K, reserved 1077248K
  class space    used 4086K, capacity 4381K, committed 4480K, reserved 1048576K
Event: 4.439 GC heap after
Heap after GC invocations=7 (full 1):
 PSYoungGen      total 101888K, used 9722K [0x000000076b800000, 0x0000000773180000, 0x00000007c0000000)
  eden space 92160K, 0% used [0x000000076b800000,0x000000076b800000,0x0000000771200000)
  from space 9728K, 99% used [0x0000000771e00000,0x000000077277eb70,0x0000000772780000)
  to   space 12288K, 0% used [0x0000000771200000,0x0000000771200000,0x0000000771e00000)
 ParOldGen       total 107008K, used 9588K [0x00000006c2800000, 0x00000006c9080000, 0x000000076b800000)
  object space 107008K, 8% used [0x00000006c2800000,0x00000006c315d028,0x00000006c9080000)
 Metaspace       used 30168K, capacity 31570K, committed 31872K, reserved 1077248K
  class space    used 4086K, capacity 4381K, committed 4480K, reserved 1048576K
}
Event: 4.860 GC heap before
{Heap before GC invocations=8 (full 1):
 PSYoungGen      total 101888K, used 88724K [0x000000076b800000, 0x0000000773180000, 0x00000007c0000000)
  eden space 92160K, 85% used [0x000000076b800000,0x00000007705264c8,0x0000000771200000)
  from space 9728K, 99% used [0x0000000771e00000,0x000000077277eb70,0x0000000772780000)
  to   space 12288K, 0% used [0x0000000771200000,0x0000000771200000,0x0000000771e00000)
 ParOldGen       total 107008K, used 9588K [0x00000006c2800000, 0x00000006c9080000, 0x000000076b800000)
  object space 107008K, 8% used [0x00000006c2800000,0x00000006c315d028,0x00000006c9080000)
 Metaspace       used 33987K, capacity 35488K, committed 35496K, reserved 1079296K
  class space    used 4579K, capacity 4862K, committed 4864K, reserved 1048576K
Event: 4.867 GC heap after
Heap after GC invocations=8 (full 1):
 PSYoungGen      total 104448K, used 12272K [0x000000076b800000, 0x0000000776380000, 0x00000007c0000000)
  eden space 92160K, 0% used [0x000000076b800000,0x000000076b800000,0x0000000771200000)
  from space 12288K, 99% used [0x0000000771200000,0x0000000771dfc1b0,0x0000000771e00000)
  to   space 15360K, 0% used [0x0000000775480000,0x0000000775480000,0x0000000776380000)
 ParOldGen       total 107008K, used 12230K [0x00000006c2800000, 0x00000006c9080000, 0x000000076b800000)
  object space 107008K, 11% used [0x00000006c2800000,0x00000006c33f1968,0x00000006c9080000)
 Metaspace       used 33987K, capacity 35488K, committed 35496K, reserved 1079296K
  class space    used 4579K, capacity 4862K, committed 4864K, reserved 1048576K
}
Event: 4.867 GC heap before
{Heap before GC invocations=9 (full 2):
 PSYoungGen      total 104448K, used 12272K [0x000000076b800000, 0x0000000776380000, 0x00000007c0000000)
  eden space 92160K, 0% used [0x000000076b800000,0x000000076b800000,0x0000000771200000)
  from space 12288K, 99% used [0x0000000771200000,0x0000000771dfc1b0,0x0000000771e00000)
  to   space 15360K, 0% used [0x0000000775480000,0x0000000775480000,0x0000000776380000)
 ParOldGen       total 107008K, used 12230K [0x00000006c2800000, 0x00000006c9080000, 0x000000076b800000)
  object space 107008K, 11% used [0x00000006c2800000,0x00000006c33f1968,0x00000006c9080000)
 Metaspace       used 33987K, capacity 35488K, committed 35496K, reserved 1079296K
  class space    used 4579K, capacity 4862K, committed 4864K, reserved 1048576K
Event: 4.898 GC heap after
Heap after GC invocations=9 (full 2):
 PSYoungGen      total 104448K, used 0K [0x000000076b800000, 0x0000000776380000, 0x00000007c0000000)
  eden space 92160K, 0% used [0x000000076b800000,0x000000076b800000,0x0000000771200000)
  from space 12288K, 0% used [0x0000000771200000,0x0000000771200000,0x0000000771e00000)
  to   space 15360K, 0% used [0x0000000775480000,0x0000000775480000,0x0000000776380000)
 ParOldGen       total 172544K, used 20818K [0x00000006c2800000, 0x00000006cd080000, 0x000000076b800000)
  object space 172544K, 12% used [0x00000006c2800000,0x00000006c3c54938,0x00000006cd080000)
 Metaspace       used 33987K, capacity 35488K, committed 35496K, reserved 1079296K
  class space    used 4579K, capacity 4862K, committed 4864K, reserved 1048576K
}
Event: 7.918 GC heap before
{Heap before GC invocations=10 (full 2):
 PSYoungGen      total 104448K, used 92160K [0x000000076b800000, 0x0000000776380000, 0x00000007c0000000)
  eden space 92160K, 100% used [0x000000076b800000,0x0000000771200000,0x0000000771200000)
  from space 12288K, 0% used [0x0000000771200000,0x0000000771200000,0x0000000771e00000)
  to   space 15360K, 0% used [0x0000000775480000,0x0000000775480000,0x0000000776380000)
 ParOldGen       total 172544K, used 20818K [0x00000006c2800000, 0x00000006cd080000, 0x000000076b800000)
  object space 172544K, 12% used [0x00000006c2800000,0x00000006c3c54938,0x00000006cd080000)
 Metaspace       used 39550K, capacity 41438K, committed 41600K, reserved 1085440K
  class space    used 5337K, capacity 5678K, committed 5760K, reserved 1048576K
Event: 7.923 GC heap after
Heap after GC invocations=10 (full 2):
 PSYoungGen      total 142336K, used 7934K [0x000000076b800000, 0x0000000775c80000, 0x00000007c0000000)
  eden space 134144K, 0% used [0x000000076b800000,0x000000076b800000,0x0000000773b00000)
  from space 8192K, 96% used [0x0000000775480000,0x0000000775c3f9b8,0x0000000775c80000)
  to   space 14848K, 0% used [0x0000000773f80000,0x0000000773f80000,0x0000000774e00000)
 ParOldGen       total 172544K, used 20826K [0x00000006c2800000, 0x00000006cd080000, 0x000000076b800000)
  object space 172544K, 12% used [0x00000006c2800000,0x00000006c3c56938,0x00000006cd080000)
 Metaspace       used 39550K, capacity 41438K, committed 41600K, reserved 1085440K
  class space    used 5337K, capacity 5678K, committed 5760K, reserved 1048576K
}

