# JRE version: Java(TM) SE Runtime Environment (8.0_251-b08) (build 1.8.0_251-b08)
# Java VM: Java HotSpot(TM) 64-Bit Server VM (25.251-b08 mixed mode windows-amd64 compressed oops)
Heap:
 PSYoungGen      total 144896K, used 96934K [0x000000076b800000, 0x0000000775f80000, 0x00000007c0000000)
  eden space 136704K, 65% used [0x000000076b800000,0x0000000770ed3930,0x0000000773d80000)
  from space 8192K, 97% used [0x0000000775780000,0x0000000775f561c0,0x0000000775f80000)
  to   space 14848K, 0% used [0x0000000774280000,0x0000000774280000,0x0000000775100000)
 ParOldGen       total 169984K, used 20976K [0x00000006c2800000, 0x00000006cce00000, 0x000000076b800000)
  object space 169984K, 12% used [0x00000006c2800000,0x00000006c3c7c348,0x00000006cce00000)
 Metaspace       used 44643K, capacity 46652K, committed 46976K, reserved 1089536K
  class space    used 6065K, capacity 6441K, committed 6528K, reserved 1048576K
GC Heap History (10 events):
Event: 4.140 GC heap before
{Heap before GC invocations=6 (full 1):
 PSYoungGen      total 75776K, used 70929K [0x000000076b800000, 0x0000000772880000, 0x00000007c0000000)
  eden space 65024K, 100% used [0x000000076b800000,0x000000076f780000,0x000000076f780000)
  from space 10752K, 54% used [0x0000000770200000,0x00000007707c4478,0x0000000770c80000)
  to   space 10752K, 0% used [0x000000076f780000,0x000000076f780000,0x0000000770200000)
 ParOldGen       total 105984K, used 6775K [0x00000006c2800000, 0x00000006c8f80000, 0x000000076b800000)
  object space 105984K, 6% used [0x00000006c2800000,0x00000006c2e9dd60,0x00000006c8f80000)
 Metaspace       used 26447K, capacity 27432K, committed 27648K, reserved 1073152K
  class space    used 3569K, capacity 3816K, committed 3840K, reserved 1048576K
Event: 4.143 GC heap after
Heap after GC invocations=6 (full 1):
 PSYoungGen      total 75776K, used 7454K [0x000000076b800000, 0x0000000772880000, 0x00000007c0000000)
  eden space 65024K, 0% used [0x000000076b800000,0x000000076b800000,0x000000076f780000)
  from space 10752K, 69% used [0x000000076f780000,0x000000076fec7840,0x0000000770200000)
  to   space 9728K, 0% used [0x0000000771f00000,0x0000000771f00000,0x0000000772880000)
 ParOldGen       total 105984K, used 6783K [0x00000006c2800000, 0x00000006c8f80000, 0x000000076b800000)
  object space 105984K, 6% used [0x00000006c2800000,0x00000006c2e9fd60,0x00000006c8f80000)
 Metaspace       used 26447K, capacity 27432K, committed 27648K, reserved 1073152K
  class space    used 3569K, capacity 3816K, committed 3840K, reserved 1048576K
}
Event: 4.468 GC heap before
{Heap before GC invocations=7 (full 1):
 PSYoungGen      total 75776K, used 72478K [0x000000076b800000, 0x0000000772880000, 0x00000007c0000000)
  eden space 65024K, 100% used [0x000000076b800000,0x000000076f780000,0x000000076f780000)
  from space 10752K, 69% used [0x000000076f780000,0x000000076fec7840,0x0000000770200000)
  to   space 9728K, 0% used [0x0000000771f00000,0x0000000771f00000,0x0000000772880000)
 ParOldGen       total 105984K, used 6783K [0x00000006c2800000, 0x00000006c8f80000, 0x000000076b800000)
  object space 105984K, 6% used [0x00000006c2800000,0x00000006c2e9fd60,0x00000006c8f80000)
 Metaspace       used 30008K, capacity 31392K, committed 31488K, reserved 1077248K
  class space    used 4065K, capacity 4346K, committed 4352K, reserved 1048576K
Event: 4.473 GC heap after
Heap after GC invocations=7 (full 1):
 PSYoungGen      total 102912K, used 9717K [0x000000076b800000, 0x0000000773280000, 0x00000007c0000000)
  eden space 93184K, 0% used [0x000000076b800000,0x000000076b800000,0x0000000771300000)
  from space 9728K, 99% used [0x0000000771f00000,0x000000077287d758,0x0000000772880000)
  to   space 12288K, 0% used [0x0000000771300000,0x0000000771300000,0x0000000771f00000)
 ParOldGen       total 105984K, used 9393K [0x00000006c2800000, 0x00000006c8f80000, 0x000000076b800000)
  object space 105984K, 8% used [0x00000006c2800000,0x00000006c312c4f0,0x00000006c8f80000)
 Metaspace       used 30008K, capacity 31392K, committed 31488K, reserved 1077248K
  class space    used 4065K, capacity 4346K, committed 4352K, reserved 1048576K
}
Event: 4.904 GC heap before
{Heap before GC invocations=8 (full 1):
 PSYoungGen      total 102912K, used 90176K [0x000000076b800000, 0x0000000773280000, 0x00000007c0000000)
  eden space 93184K, 86% used [0x000000076b800000,0x00000007706928d0,0x0000000771300000)
  from space 9728K, 99% used [0x0000000771f00000,0x000000077287d758,0x0000000772880000)
  to   space 12288K, 0% used [0x0000000771300000,0x0000000771300000,0x0000000771f00000)
 ParOldGen       total 105984K, used 9393K [0x00000006c2800000, 0x00000006c8f80000, 0x000000076b800000)
  object space 105984K, 8% used [0x00000006c2800000,0x00000006c312c4f0,0x00000006c8f80000)
 Metaspace       used 33990K, capacity 35488K, committed 35496K, reserved 1079296K
  class space    used 4579K, capacity 4862K, committed 4864K, reserved 1048576K
Event: 4.911 GC heap after
Heap after GC invocations=8 (full 1):
 PSYoungGen      total 105472K, used 12275K [0x000000076b800000, 0x0000000776680000, 0x00000007c0000000)
  eden space 93184K, 0% used [0x000000076b800000,0x000000076b800000,0x0000000771300000)
  from space 12288K, 99% used [0x0000000771300000,0x0000000771efcfc8,0x0000000771f00000)
  to   space 15360K, 0% used [0x0000000775780000,0x0000000775780000,0x0000000776680000)
 ParOldGen       total 105984K, used 12114K [0x00000006c2800000, 0x00000006c8f80000, 0x000000076b800000)
  object space 105984K, 11% used [0x00000006c2800000,0x00000006c33d4ae0,0x00000006c8f80000)
 Metaspace       used 33990K, capacity 35488K, committed 35496K, reserved 1079296K
  class space    used 4579K, capacity 4862K, committed 4864K, reserved 1048576K
}
Event: 4.911 GC heap before
{Heap before GC invocations=9 (full 2):
 PSYoungGen      total 105472K, used 12275K [0x000000076b800000, 0x0000000776680000, 0x00000007c0000000)
  eden space 93184K, 0% used [0x000000076b800000,0x000000076b800000,0x0000000771300000)
  from space 12288K, 99% used [0x0000000771300000,0x0000000771efcfc8,0x0000000771f00000)
  to   space 15360K, 0% used [0x0000000775780000,0x0000000775780000,0x0000000776680000)
 ParOldGen       total 105984K, used 12114K [0x00000006c2800000, 0x00000006c8f80000, 0x000000076b800000)
  object space 105984K, 11% used [0x00000006c2800000,0x00000006c33d4ae0,0x00000006c8f80000)
 Metaspace       used 33990K, capacity 35488K, committed 35496K, reserved 1079296K
  class space    used 4579K, capacity 4862K, committed 4864K, reserved 1048576K
Event: 4.940 GC heap after
Heap after GC invocations=9 (full 2):
 PSYoungGen      total 105472K, used 0K [0x000000076b800000, 0x0000000776680000, 0x00000007c0000000)
  eden space 93184K, 0% used [0x000000076b800000,0x000000076b800000,0x0000000771300000)
  from space 12288K, 0% used [0x0000000771300000,0x0000000771300000,0x0000000771f00000)
  to   space 15360K, 0% used [0x0000000775780000,0x0000000775780000,0x0000000776680000)
 ParOldGen       total 169984K, used 20968K [0x00000006c2800000, 0x00000006cce00000, 0x000000076b800000)
  object space 169984K, 12% used [0x00000006c2800000,0x00000006c3c7a348,0x00000006cce00000)
 Metaspace       used 33990K, capacity 35488K, committed 35496K, reserved 1079296K
  class space    used 4579K, capacity 4862K, committed 4864K, reserved 1048576K
}
Event: 7.997 GC heap before
{Heap before GC invocations=10 (full 2):
 PSYoungGen      total 105472K, used 93184K [0x000000076b800000, 0x0000000776680000, 0x00000007c0000000)
  eden space 93184K, 100% used [0x000000076b800000,0x0000000771300000,0x0000000771300000)
  from space 12288K, 0% used [0x0000000771300000,0x0000000771300000,0x0000000771f00000)
  to   space 15360K, 0% used [0x0000000775780000,0x0000000775780000,0x0000000776680000)
 ParOldGen       total 169984K, used 20968K [0x00000006c2800000, 0x00000006cce00000, 0x000000076b800000)
  object space 169984K, 12% used [0x00000006c2800000,0x00000006c3c7a348,0x00000006cce00000)
 Metaspace       used 39614K, capacity 41534K, committed 41856K, reserved 1085440K
  class space    used 5345K, capacity 5710K, committed 5760K, reserved 1048576K
Event: 8.002 GC heap after
Heap after GC invocations=10 (full 2):
 PSYoungGen      total 144896K, used 8024K [0x000000076b800000, 0x0000000775f80000, 0x00000007c0000000)
  eden space 136704K, 0% used [0x000000076b800000,0x000000076b800000,0x0000000773d80000)
  from space 8192K, 97% used [0x0000000775780000,0x0000000775f561c0,0x0000000775f80000)
  to   space 14848K, 0% used [0x0000000774280000,0x0000000774280000,0x0000000775100000)
 ParOldGen       total 169984K, used 20976K [0x00000006c2800000, 0x00000006cce00000, 0x000000076b800000)
  object space 169984K, 12% used [0x00000006c2800000,0x00000006c3c7c348,0x00000006cce00000)
 Metaspace       used 39614K, capacity 41534K, committed 41856K, reserved 1085440K
  class space    used 5345K, capacity 5710K, committed 5760K, reserved 1048576K
}

